<?xml version="1.0" encoding="UTF-8"?>
<!-- Generated by org.testng.reporters.JUnitXMLReporter -->
<testsuite ignored="0" hostname="DESKTOP-S344IQT" failures="1" tests="4" name="Test" time="20.446" errors="0" timestamp="2022-08-10T20:07:19 IST">
  <testcase classname="com.sauceDemo.TestPack.TC01VerifyLoginFunctionality" name="verifyLogin" time="0.012"/>
  <testcase classname="com.sauceDemo.TestPack.TC02VerifyLogoutFuctinality" name="verifyLogOut" time="0.193"/>
  <testcase classname="com.sauceDemo.TestPack.TC03VerifyBagProductAddToCartFunctionality" name="bagProductAddToCart" time="0.105"/>
  <testcase classname="com.sauceDemo.TestPack.TC04VerifyallAddToCartButtonFunctionality" name="allProductAddToCart" time="0.314">
    <failure type="java.lang.AssertionError" message="expected [6] but found [5]">
      <![CDATA[java.lang.AssertionError: expected [6] but found [5]
at com.sauceDemo.TestPack.TC04VerifyallAddToCartButtonFunctionality.allProductAddToCart(TC04VerifyallAddToCartButtonFunctionality.java:36)
at java.base/java.util.ArrayList.forEach(ArrayList.java:1511)
... Removed 33 stack frames]]>
    </failure>
  </testcase> <!-- allProductAddToCart -->
</testsuite> <!-- Test -->
